  Main.cpp
D:\Zewail collage material\Year 2\Second Semester\Data Structures\Project\Shipping-Company\Event\Event.h(8,14): error C2143: syntax error: missing ';' before '*'
D:\Zewail collage material\Year 2\Second Semester\Data Structures\Project\Shipping-Company\Event\Event.h(8,14): error C4430: missing type specifier - int assumed. Note: C++ does not support default-int
D:\Zewail collage material\Year 2\Second Semester\Data Structures\Project\Shipping-Company\Event\Event.h(8,23): error C2238: unexpected token(s) preceding ';'
D:\Zewail collage material\Year 2\Second Semester\Data Structures\Project\Shipping-Company\Event\Event.h(14,8): error C2061: syntax error: identifier 'MarsStation'
D:\Zewail collage material\Year 2\Second Semester\Data Structures\Project\Shipping-Company\Event\Event.h(16,3): error C2065: 'pStation': undeclared identifier
D:\Zewail collage material\Year 2\Second Semester\Data Structures\Project\Shipping-Company\Event\Event.h(16,14): error C2065: 'pApp': undeclared identifier
D:\Zewail collage material\Year 2\Second Semester\Data Structures\Project\Shipping-Company\Event\Event.h(17,9): error C2065: 'pApp': undeclared identifier
D:\Zewail collage material\Year 2\Second Semester\Data Structures\Project\Shipping-Company\Event\ReadyEvent.h(15,13): error C2061: syntax error: identifier 'MarsStation'
  MarsStation.cpp
D:\Zewail collage material\Year 2\Second Semester\Data Structures\Project\Shipping-Company\Event\Event.h(8,14): error C2143: syntax error: missing ';' before '*'
D:\Zewail collage material\Year 2\Second Semester\Data Structures\Project\Shipping-Company\Event\Event.h(8,14): error C4430: missing type specifier - int assumed. Note: C++ does not support default-int
D:\Zewail collage material\Year 2\Second Semester\Data Structures\Project\Shipping-Company\Event\Event.h(8,23): error C2238: unexpected token(s) preceding ';'
D:\Zewail collage material\Year 2\Second Semester\Data Structures\Project\Shipping-Company\Event\Event.h(14,8): error C2061: syntax error: identifier 'MarsStation'
D:\Zewail collage material\Year 2\Second Semester\Data Structures\Project\Shipping-Company\Event\Event.h(16,3): error C2065: 'pStation': undeclared identifier
D:\Zewail collage material\Year 2\Second Semester\Data Structures\Project\Shipping-Company\Event\Event.h(16,14): error C2065: 'pApp': undeclared identifier
D:\Zewail collage material\Year 2\Second Semester\Data Structures\Project\Shipping-Company\Event\Event.h(17,9): error C2065: 'pApp': undeclared identifier
D:\Zewail collage material\Year 2\Second Semester\Data Structures\Project\Shipping-Company\Event\ReadyEvent.h(15,13): error C2061: syntax error: identifier 'MarsStation'
D:\Zewail collage material\Year 2\Second Semester\Data Structures\Project\Shipping-Company\MarsStation\MarsStation.cpp(93,63): error C2661: 'ReadyEvent::ReadyEvent': no overloaded function takes 3 arguments
  PromotionEvent.cpp
D:\Zewail collage material\Year 2\Second Semester\Data Structures\Project\Shipping-Company\Event\ReadyEvent.h(7,1): error C2504: 'Event': base class undefined
D:\Zewail collage material\Year 2\Second Semester\Data Structures\Project\Shipping-Company\Event\ReadyEvent.h(15,13): error C2061: syntax error: identifier 'MarsStation'
  ReadyEvent.cpp
  UI.cpp
  Generating Code...
